# JRE version: OpenJDK Runtime Environment Microsoft-13106358 (17.0.18+8) (build 17.0.18+8-LTS)
# Java VM: OpenJDK 64-Bit Server VM Microsoft-13106358 (17.0.18+8-LTS, mixed mode, sharing, tiered, compressed oops, compressed class ptrs, g1 gc, windows-amd64)
GC Precious Log:
 CPUs: 8 total, 8 available
 Memory: 20259M
 Large Page Support: Disabled
 NUMA Support: Disabled
 Compressed Oops: Enabled (32-bit)
 Heap Region Size: 1M
 Heap Min Capacity: 256M
 Heap Initial Capacity: 256M
 Heap Max Capacity: 512M
 Pre-touch: Disabled
 Parallel Workers: 8
 Concurrent Workers: 2
 Concurrent Refinement Workers: 8
 Periodic GC: Disabled
Heap:
 garbage-first heap   total 266240K, used 175873K [0x00000000e0000000, 0x0000000100000000)
  region size 1024K, 36 young (36864K), 2 survivors (2048K)
 Metaspace       used 94423K, committed 95744K, reserved 458752K
  class space    used 12876K, committed 13504K, reserved 327680K
GC Heap History (20 events):
Event: 262.786 GC heap before
{Heap before GC invocations=19 (full 0):
 garbage-first heap   total 262144K, used 145185K [0x00000000e0000000, 0x0000000100000000)
  region size 1024K, 12 young (12288K), 9 survivors (9216K)
 Metaspace       used 91974K, committed 93248K, reserved 458752K
  class space    used 12584K, committed 13184K, reserved 327680K
}
Event: 262.793 GC heap after
{Heap after GC invocations=20 (full 0):
 garbage-first heap   total 262144K, used 132472K [0x00000000e0000000, 0x0000000100000000)
  region size 1024K, 2 young (2048K), 2 survivors (2048K)
 Metaspace       used 91974K, committed 93248K, reserved 458752K
  class space    used 12584K, committed 13184K, reserved 327680K
}
Event: 263.407 GC heap before
{Heap before GC invocations=20 (full 0):
 garbage-first heap   total 262144K, used 212344K [0x00000000e0000000, 0x0000000100000000)
  region size 1024K, 80 young (81920K), 2 survivors (2048K)
 Metaspace       used 92374K, committed 93632K, reserved 458752K
  class space    used 12625K, committed 13248K, reserved 327680K
}
Event: 263.412 GC heap after
{Heap after GC invocations=21 (full 0):
 garbage-first heap   total 262144K, used 136799K [0x00000000e0000000, 0x0000000100000000)
  region size 1024K, 6 young (6144K), 6 survivors (6144K)
 Metaspace       used 92374K, committed 93632K, reserved 458752K
  class space    used 12625K, committed 13248K, reserved 327680K
}
Event: 275.181 GC heap before
{Heap before GC invocations=22 (full 0):
 garbage-first heap   total 262144K, used 208479K [0x00000000e0000000, 0x0000000100000000)
  region size 1024K, 81 young (82944K), 6 survivors (6144K)
 Metaspace       used 93175K, committed 94464K, reserved 458752K
  class space    used 12696K, committed 13312K, reserved 327680K
}
Event: 275.188 GC heap after
{Heap after GC invocations=23 (full 0):
 garbage-first heap   total 262144K, used 135839K [0x00000000e0000000, 0x0000000100000000)
  region size 1024K, 10 young (10240K), 10 survivors (10240K)
 Metaspace       used 93175K, committed 94464K, reserved 458752K
  class space    used 12696K, committed 13312K, reserved 327680K
}
Event: 275.208 GC heap before
{Heap before GC invocations=23 (full 0):
 garbage-first heap   total 262144K, used 137887K [0x00000000e0000000, 0x0000000100000000)
  region size 1024K, 12 young (12288K), 10 survivors (10240K)
 Metaspace       used 93175K, committed 94464K, reserved 458752K
  class space    used 12696K, committed 13312K, reserved 327680K
}
Event: 275.213 GC heap after
{Heap after GC invocations=24 (full 0):
 garbage-first heap   total 262144K, used 131575K [0x00000000e0000000, 0x0000000100000000)
  region size 1024K, 2 young (2048K), 2 survivors (2048K)
 Metaspace       used 93175K, committed 94464K, reserved 458752K
  class space    used 12696K, committed 13312K, reserved 327680K
}
Event: 278.251 GC heap before
{Heap before GC invocations=24 (full 0):
 garbage-first heap   total 262144K, used 212471K [0x00000000e0000000, 0x0000000100000000)
  region size 1024K, 81 young (82944K), 2 survivors (2048K)
 Metaspace       used 93288K, committed 94592K, reserved 458752K
  class space    used 12716K, committed 13376K, reserved 327680K
}
Event: 278.264 GC heap after
{Heap after GC invocations=25 (full 0):
 garbage-first heap   total 262144K, used 144379K [0x00000000e0000000, 0x0000000100000000)
  region size 1024K, 11 young (11264K), 11 survivors (11264K)
 Metaspace       used 93288K, committed 94592K, reserved 458752K
  class space    used 12716K, committed 13376K, reserved 327680K
}
Event: 279.200 GC heap before
{Heap before GC invocations=26 (full 0):
 garbage-first heap   total 262144K, used 210939K [0x00000000e0000000, 0x0000000100000000)
  region size 1024K, 78 young (79872K), 11 survivors (11264K)
 Metaspace       used 93339K, committed 94656K, reserved 458752K
  class space    used 12716K, committed 13376K, reserved 327680K
}
Event: 279.210 GC heap after
{Heap after GC invocations=27 (full 0):
 garbage-first heap   total 262144K, used 151154K [0x00000000e0000000, 0x0000000100000000)
  region size 1024K, 9 young (9216K), 9 survivors (9216K)
 Metaspace       used 93339K, committed 94656K, reserved 458752K
  class space    used 12716K, committed 13376K, reserved 327680K
}
Event: 279.228 GC heap before
{Heap before GC invocations=27 (full 0):
 garbage-first heap   total 262144K, used 153202K [0x00000000e0000000, 0x0000000100000000)
  region size 1024K, 12 young (12288K), 9 survivors (9216K)
 Metaspace       used 93339K, committed 94656K, reserved 458752K
  class space    used 12716K, committed 13376K, reserved 327680K
}
Event: 279.234 GC heap after
{Heap after GC invocations=28 (full 0):
 garbage-first heap   total 262144K, used 138752K [0x00000000e0000000, 0x0000000100000000)
  region size 1024K, 2 young (2048K), 2 survivors (2048K)
 Metaspace       used 93339K, committed 94656K, reserved 458752K
  class space    used 12716K, committed 13376K, reserved 327680K
}
Event: 279.848 GC heap before
{Heap before GC invocations=28 (full 0):
 garbage-first heap   total 262144K, used 211456K [0x00000000e0000000, 0x0000000100000000)
  region size 1024K, 73 young (74752K), 2 survivors (2048K)
 Metaspace       used 93354K, committed 94656K, reserved 458752K
  class space    used 12717K, committed 13376K, reserved 327680K
}
Event: 279.859 GC heap after
{Heap after GC invocations=29 (full 0):
 garbage-first heap   total 262144K, used 149504K [0x00000000e0000000, 0x0000000100000000)
  region size 1024K, 10 young (10240K), 10 survivors (10240K)
 Metaspace       used 93354K, committed 94656K, reserved 458752K
  class space    used 12717K, committed 13376K, reserved 327680K
}
Event: 281.281 GC heap before
{Heap before GC invocations=30 (full 0):
 garbage-first heap   total 266240K, used 210944K [0x00000000e0000000, 0x0000000100000000)
  region size 1024K, 70 young (71680K), 10 survivors (10240K)
 Metaspace       used 93487K, committed 94784K, reserved 458752K
  class space    used 12733K, committed 13376K, reserved 327680K
}
Event: 281.287 GC heap after
{Heap after GC invocations=31 (full 0):
 garbage-first heap   total 266240K, used 146443K [0x00000000e0000000, 0x0000000100000000)
  region size 1024K, 5 young (5120K), 5 survivors (5120K)
 Metaspace       used 93487K, committed 94784K, reserved 458752K
  class space    used 12733K, committed 13376K, reserved 327680K
}
Event: 281.448 GC heap before
{Heap before GC invocations=31 (full 0):
 garbage-first heap   total 266240K, used 153611K [0x00000000e0000000, 0x0000000100000000)
  region size 1024K, 13 young (13312K), 5 survivors (5120K)
 Metaspace       used 93513K, committed 94784K, reserved 458752K
  class space    used 12733K, committed 13376K, reserved 327680K
}
Event: 281.452 GC heap after
{Heap after GC invocations=32 (full 0):
 garbage-first heap   total 266240K, used 143105K [0x00000000e0000000, 0x0000000100000000)
  region size 1024K, 2 young (2048K), 2 survivors (2048K)
 Metaspace       used 93513K, committed 94784K, reserved 458752K
  class space    used 12733K, committed 13376K, reserved 327680K
}

